CRITICAL - 2023-10-19 10:41:09 --> Invalid file: "halaman_view.php"
in SYSTEMPATH\Exceptions\FrameworkException.php on line 39.
 1 SYSTEMPATH\View\View.php(214): CodeIgniter\Exceptions\FrameworkException::forInvalidFile('halaman_view.php')
 2 SYSTEMPATH\Common.php(1188): CodeIgniter\View\View->render('halaman_view', [], true)
 3 APPPATH\Controllers\Latihan.php(28): view('halaman_view', [...])
 4 SYSTEMPATH\CodeIgniter.php(919): App\Controllers\Latihan->menampilkan_view()
 5 SYSTEMPATH\CodeIgniter.php(494): CodeIgniter\CodeIgniter->runController(Object(App\Controllers\Latihan))
 6 SYSTEMPATH\CodeIgniter.php(353): CodeIgniter\CodeIgniter->handleRequest(null, Object(Config\Cache), false)
 7 FCPATH\index.php(79): CodeIgniter\CodeIgniter->run()
CRITICAL - 2023-10-19 10:43:11 --> Undefined variable $data
in APPPATH\Views\halaman_view.php on line 14.
 1 APPPATH\Views\halaman_view.php(14): CodeIgniter\Debug\Exceptions->errorHandler(2, 'Undefined variable $data', 'C:\\xampp\\htdocs\\ci-v4-lat\\app\\Views\\halaman_view.php', 14)
 2 SYSTEMPATH\View\View.php(226): include('C:\\xampp\\htdocs\\ci-v4-lat\\app\\Views\\halaman_view.php')
 3 SYSTEMPATH\View\View.php(229): CodeIgniter\View\View->CodeIgniter\View\{closure}()
 4 SYSTEMPATH\Common.php(1188): CodeIgniter\View\View->render('halaman_view', [], true)
 5 APPPATH\Controllers\Latihan.php(28): view('halaman_view', [...])
 6 SYSTEMPATH\CodeIgniter.php(919): App\Controllers\Latihan->menampilkan_view()
 7 SYSTEMPATH\CodeIgniter.php(494): CodeIgniter\CodeIgniter->runController(Object(App\Controllers\Latihan))
 8 SYSTEMPATH\CodeIgniter.php(353): CodeIgniter\CodeIgniter->handleRequest(null, Object(Config\Cache), false)
 9 FCPATH\index.php(79): CodeIgniter\CodeIgniter->run()
